-------------------------------------------------------------------------------
Test set: EntityUserDBIT
-------------------------------------------------------------------------------
Tests run: 6, Failures: 1, Errors: 5, Skipped: 0, Time elapsed: 0.125 sec <<< FAILURE! - in EntityUserDBIT
addUser(EntityUserDBIT)  Time elapsed: 0.009 sec  <<< ERROR!
java.lang.IllegalArgumentException: Unknown entity: dto.User
	at org.hibernate.jpa.spi.AbstractEntityManagerImpl.persist(AbstractEntityManagerImpl.java:1149)
	at dao.user.EntityUserDB.addUser(EntityUserDB.java:38)
	at EntityUserDBIT.addUser(EntityUserDBIT.java:49)

remove(EntityUserDBIT)  Time elapsed: 0.024 sec  <<< ERROR!
java.lang.IllegalArgumentException: Unable to locate persister: dto.User
	at org.hibernate.internal.SessionFactoryImpl.locateEntityPersister(SessionFactoryImpl.java:792)
	at org.hibernate.internal.SessionImpl.locateEntityPersister(SessionImpl.java:2641)
	at org.hibernate.internal.SessionImpl.access$2500(SessionImpl.java:164)
	at org.hibernate.internal.SessionImpl$IdentifierLoadAccessImpl.<init>(SessionImpl.java:2579)
	at org.hibernate.internal.SessionImpl$IdentifierLoadAccessImpl.<init>(SessionImpl.java:2566)
	at org.hibernate.internal.SessionImpl.byId(SessionImpl.java:1044)
	at org.hibernate.internal.SessionImpl.get(SessionImpl.java:955)
	at org.hibernate.jpa.spi.AbstractEntityManagerImpl.find(AbstractEntityManagerImpl.java:1075)
	at org.hibernate.jpa.spi.AbstractEntityManagerImpl.find(AbstractEntityManagerImpl.java:1033)
	at dao.user.EntityUserDB.getUser(EntityUserDB.java:51)
	at EntityUserDBIT.remove(EntityUserDBIT.java:71)

addInvalidUser(EntityUserDBIT)  Time elapsed: 0.024 sec  <<< FAILURE!
java.lang.AssertionError: 
Expected: an instance of javax.validation.ConstraintViolationException
     but: <java.lang.IllegalArgumentException: Unknown entity: dto.User> is a java.lang.IllegalArgumentException
Stacktrace was: java.lang.IllegalArgumentException: Unknown entity: dto.User
	at org.hibernate.jpa.spi.AbstractEntityManagerImpl.persist(AbstractEntityManagerImpl.java:1149)
	at dao.user.EntityUserDB.addUser(EntityUserDB.java:38)
	at EntityUserDBIT.addInvalidUser(EntityUserDBIT.java:84)
	at sun.reflect.NativeMethodAccessorImpl.invoke0(Native Method)
	at sun.reflect.NativeMethodAccessorImpl.invoke(NativeMethodAccessorImpl.java:62)
	at sun.reflect.DelegatingMethodAccessorImpl.invoke(DelegatingMethodAccessorImpl.java:43)
	at java.lang.reflect.Method.invoke(Method.java:497)
	at org.junit.runners.model.FrameworkMethod$1.runReflectiveCall(FrameworkMethod.java:50)
	at org.junit.internal.runners.model.ReflectiveCallable.run(ReflectiveCallable.java:12)
	at org.junit.runners.model.FrameworkMethod.invokeExplosively(FrameworkMethod.java:47)
	at org.junit.internal.runners.statements.InvokeMethod.evaluate(InvokeMethod.java:17)
	at org.junit.internal.runners.statements.RunBefores.evaluate(RunBefores.java:26)
	at org.junit.internal.runners.statements.RunAfters.evaluate(RunAfters.java:27)
	at org.junit.rules.ExpectedException$ExpectedExceptionStatement.evaluate(ExpectedException.java:239)
	at org.junit.rules.RunRules.evaluate(RunRules.java:20)
	at org.junit.runners.ParentRunner.runLeaf(ParentRunner.java:325)
	at org.junit.runners.BlockJUnit4ClassRunner.runChild(BlockJUnit4ClassRunner.java:78)
	at org.junit.runners.BlockJUnit4ClassRunner.runChild(BlockJUnit4ClassRunner.java:57)
	at org.junit.runners.ParentRunner$3.run(ParentRunner.java:290)
	at org.junit.runners.ParentRunner$1.schedule(ParentRunner.java:71)
	at org.junit.runners.ParentRunner.runChildren(ParentRunner.java:288)
	at org.junit.runners.ParentRunner.access$000(ParentRunner.java:58)
	at org.junit.runners.ParentRunner$2.evaluate(ParentRunner.java:268)
	at org.junit.runners.ParentRunner.run(ParentRunner.java:363)
	at org.apache.maven.surefire.junit4.JUnit4Provider.execute(JUnit4Provider.java:283)
	at org.apache.maven.surefire.junit4.JUnit4Provider.executeWithRerun(JUnit4Provider.java:173)
	at org.apache.maven.surefire.junit4.JUnit4Provider.executeTestSet(JUnit4Provider.java:153)
	at org.apache.maven.surefire.junit4.JUnit4Provider.invoke(JUnit4Provider.java:128)
	at org.apache.maven.surefire.booter.ForkedBooter.invokeProviderInSameClassLoader(ForkedBooter.java:203)
	at org.apache.maven.surefire.booter.ForkedBooter.runSuitesInProcess(ForkedBooter.java:155)
	at org.apache.maven.surefire.booter.ForkedBooter.main(ForkedBooter.java:103)

	at org.hamcrest.MatcherAssert.assertThat(MatcherAssert.java:20)
	at org.junit.Assert.assertThat(Assert.java:956)
	at org.junit.Assert.assertThat(Assert.java:923)
	at org.junit.rules.ExpectedException.handleException(ExpectedException.java:252)
	at org.junit.rules.ExpectedException.access$000(ExpectedException.java:106)
	at org.junit.rules.ExpectedException$ExpectedExceptionStatement.evaluate(ExpectedException.java:241)
	at org.junit.rules.RunRules.evaluate(RunRules.java:20)
	at org.junit.runners.ParentRunner.runLeaf(ParentRunner.java:325)
	at org.junit.runners.BlockJUnit4ClassRunner.runChild(BlockJUnit4ClassRunner.java:78)
	at org.junit.runners.BlockJUnit4ClassRunner.runChild(BlockJUnit4ClassRunner.java:57)
	at org.junit.runners.ParentRunner$3.run(ParentRunner.java:290)
	at org.junit.runners.ParentRunner$1.schedule(ParentRunner.java:71)
	at org.junit.runners.ParentRunner.runChildren(ParentRunner.java:288)
	at org.junit.runners.ParentRunner.access$000(ParentRunner.java:58)
	at org.junit.runners.ParentRunner$2.evaluate(ParentRunner.java:268)
	at org.junit.runners.ParentRunner.run(ParentRunner.java:363)
	at org.apache.maven.surefire.junit4.JUnit4Provider.execute(JUnit4Provider.java:283)
	at org.apache.maven.surefire.junit4.JUnit4Provider.executeWithRerun(JUnit4Provider.java:173)
	at org.apache.maven.surefire.junit4.JUnit4Provider.executeTestSet(JUnit4Provider.java:153)
	at org.apache.maven.surefire.junit4.JUnit4Provider.invoke(JUnit4Provider.java:128)
	at org.apache.maven.surefire.booter.ForkedBooter.invokeProviderInSameClassLoader(ForkedBooter.java:203)
	at org.apache.maven.surefire.booter.ForkedBooter.runSuitesInProcess(ForkedBooter.java:155)
	at org.apache.maven.surefire.booter.ForkedBooter.main(ForkedBooter.java:103)

updateUser(EntityUserDBIT)  Time elapsed: 0.025 sec  <<< ERROR!
java.lang.IllegalArgumentException: Unable to locate persister: dto.User
	at org.hibernate.internal.SessionFactoryImpl.locateEntityPersister(SessionFactoryImpl.java:792)
	at org.hibernate.internal.SessionImpl.locateEntityPersister(SessionImpl.java:2641)
	at org.hibernate.internal.SessionImpl.access$2500(SessionImpl.java:164)
	at org.hibernate.internal.SessionImpl$IdentifierLoadAccessImpl.<init>(SessionImpl.java:2579)
	at org.hibernate.internal.SessionImpl$IdentifierLoadAccessImpl.<init>(SessionImpl.java:2566)
	at org.hibernate.internal.SessionImpl.byId(SessionImpl.java:1044)
	at org.hibernate.internal.SessionImpl.get(SessionImpl.java:955)
	at org.hibernate.jpa.spi.AbstractEntityManagerImpl.find(AbstractEntityManagerImpl.java:1075)
	at org.hibernate.jpa.spi.AbstractEntityManagerImpl.find(AbstractEntityManagerImpl.java:1033)
	at dao.user.EntityUserDB.getUser(EntityUserDB.java:51)
	at EntityUserDBIT.updateUser(EntityUserDBIT.java:62)

getUser(EntityUserDBIT)  Time elapsed: 0.022 sec  <<< ERROR!
java.lang.IllegalArgumentException: Unable to locate persister: dto.User
	at org.hibernate.internal.SessionFactoryImpl.locateEntityPersister(SessionFactoryImpl.java:792)
	at org.hibernate.internal.SessionImpl.locateEntityPersister(SessionImpl.java:2641)
	at org.hibernate.internal.SessionImpl.access$2500(SessionImpl.java:164)
	at org.hibernate.internal.SessionImpl$IdentifierLoadAccessImpl.<init>(SessionImpl.java:2579)
	at org.hibernate.internal.SessionImpl$IdentifierLoadAccessImpl.<init>(SessionImpl.java:2566)
	at org.hibernate.internal.SessionImpl.byId(SessionImpl.java:1044)
	at org.hibernate.internal.SessionImpl.get(SessionImpl.java:955)
	at org.hibernate.jpa.spi.AbstractEntityManagerImpl.find(AbstractEntityManagerImpl.java:1075)
	at org.hibernate.jpa.spi.AbstractEntityManagerImpl.find(AbstractEntityManagerImpl.java:1033)
	at dao.user.EntityUserDB.getUser(EntityUserDB.java:51)
	at EntityUserDBIT.getUser(EntityUserDBIT.java:56)

testGetAll(EntityUserDBIT)  Time elapsed: 0.021 sec  <<< ERROR!
java.lang.IllegalArgumentException: No query defined for that name [User.getAll]
	at org.hibernate.jpa.spi.AbstractEntityManagerImpl.buildQueryFromName(AbstractEntityManagerImpl.java:753)
	at org.hibernate.jpa.spi.AbstractEntityManagerImpl.createNamedQuery(AbstractEntityManagerImpl.java:890)
	at dao.user.EntityUserDB.getAllUsers(EntityUserDB.java:56)
	at EntityUserDBIT.testGetAll(EntityUserDBIT.java:90)

