<?xml version="1.0" encoding="UTF-8"?>
<testsuite name="EntityLocationDaoIT" time="0.878" tests="3" errors="2" skipped="0" failures="1">
  <properties>
[...]
</properties>
  <testcase name="getLocation" classname="EntityLocationDaoIT" time="0.781">
    <error message="Unable to locate persister: dto.Location" type="java.lang.IllegalArgumentException"><![CDATA[java.lang.IllegalArgumentException: Unable to locate persister: dto.Location
	at org.hibernate.internal.SessionFactoryImpl.locateEntityPersister(SessionFactoryImpl.java:792)
	at org.hibernate.internal.SessionImpl.locateEntityPersister(SessionImpl.java:2641)
	at org.hibernate.internal.SessionImpl.access$2500(SessionImpl.java:164)
	at org.hibernate.internal.SessionImpl$IdentifierLoadAccessImpl.<init>(SessionImpl.java:2579)
	at org.hibernate.internal.SessionImpl$IdentifierLoadAccessImpl.<init>(SessionImpl.java:2566)
	at org.hibernate.internal.SessionImpl.byId(SessionImpl.java:1044)
	at org.hibernate.internal.SessionImpl.get(SessionImpl.java:955)
	at org.hibernate.jpa.spi.AbstractEntityManagerImpl.find(AbstractEntityManagerImpl.java:1075)
	at org.hibernate.jpa.spi.AbstractEntityManagerImpl.find(AbstractEntityManagerImpl.java:1033)
	at dao.location.EntityLocationDao.getLocation(EntityLocationDao.java:41)
	at EntityLocationDaoIT.getLocation(EntityLocationDaoIT.java:49)
]]></error>
    <system-err><![CDATA[nov 26, 2015 12:40:34 AM org.hibernate.jpa.internal.util.LogHelper logPersistenceUnitInformation
INFO: HHH000204: Processing PersistenceUnitInfo [
	name: LMS
	...]
nov 26, 2015 12:40:34 AM org.hibernate.Version logVersion
INFO: HHH000412: Hibernate Core {5.0.2.Final}
nov 26, 2015 12:40:34 AM org.hibernate.cfg.Environment <clinit>
INFO: HHH000206: hibernate.properties not found
nov 26, 2015 12:40:34 AM org.hibernate.cfg.Environment buildBytecodeProvider
INFO: HHH000021: Bytecode provider name : javassist
nov 26, 2015 12:40:34 AM org.hibernate.annotations.common.reflection.java.JavaReflectionManager <clinit>
INFO: HCANN000001: Hibernate Commons Annotations {5.0.0.Final}
nov 26, 2015 12:40:34 AM org.hibernate.engine.jdbc.connections.internal.DriverManagerConnectionProviderImpl configure
WARN: HHH000402: Using Hibernate built-in connection pool (not for production use!)
nov 26, 2015 12:40:34 AM org.hibernate.engine.jdbc.connections.internal.DriverManagerConnectionProviderImpl buildCreator
INFO: HHH000401: using driver [org.h2.Driver] at URL [jdbc:h2:mem://localhost/~/LMS]
nov 26, 2015 12:40:34 AM org.hibernate.engine.jdbc.connections.internal.DriverManagerConnectionProviderImpl buildCreator
INFO: HHH000046: Connection properties: {user=sa, password=****}
nov 26, 2015 12:40:34 AM org.hibernate.engine.jdbc.connections.internal.DriverManagerConnectionProviderImpl buildCreator
INFO: HHH000006: Autocommit mode: false
nov 26, 2015 12:40:34 AM org.hibernate.engine.jdbc.connections.internal.DriverManagerConnectionProviderImpl configure
INFO: HHH000115: Hibernate connection pool size: 20 (min=1)
nov 26, 2015 12:40:34 AM org.hibernate.dialect.Dialect <init>
INFO: HHH000400: Using dialect: org.hibernate.dialect.H2Dialect
nov 26, 2015 12:40:35 AM org.hibernate.validator.internal.util.Version <clinit>
INFO: HV000001: Hibernate Validator 5.2.1.Final
nov 26, 2015 12:40:35 AM org.hibernate.tool.hbm2ddl.SchemaExport execute
INFO: HHH000227: Running hbm2ddl schema export
nov 26, 2015 12:40:35 AM org.hibernate.tool.hbm2ddl.SchemaExport importScript
ERROR: HHH000388: Unsuccessful: insert into User(email, password, role) values('f@f.com', 'Passw0rd', 'STUDENT')
nov 26, 2015 12:40:35 AM org.hibernate.tool.hbm2ddl.SchemaExport importScript
ERROR: Table "USER" not found; SQL statement:
insert into User(email, password, role) values('f@f.com', 'Passw0rd', 'STUDENT') [42102-189]
nov 26, 2015 12:40:35 AM org.hibernate.tool.hbm2ddl.SchemaExport importScript
ERROR: HHH000388: Unsuccessful: insert into Location(id, room, building) values(1, '81', 'Galleriet')
nov 26, 2015 12:40:35 AM org.hibernate.tool.hbm2ddl.SchemaExport importScript
ERROR: Table "LOCATION" not found; SQL statement:
insert into Location(id, room, building) values(1, '81', 'Galleriet') [42102-189]
nov 26, 2015 12:40:35 AM org.hibernate.tool.hbm2ddl.SchemaExport execute
INFO: HHH000230: Schema export complete
nov 26, 2015 12:40:35 AM org.hibernate.tool.hbm2ddl.SchemaExport execute
INFO: HHH000227: Running hbm2ddl schema export
nov 26, 2015 12:40:35 AM org.hibernate.tool.hbm2ddl.SchemaExport execute
INFO: HHH000230: Schema export complete
nov 26, 2015 12:40:35 AM org.hibernate.engine.jdbc.connections.internal.DriverManagerConnectionProviderImpl stop
INFO: HHH000030: Cleaning up connection pool [jdbc:h2:mem://localhost/~/LMS]
]]></system-err>
  </testcase>
  <testcase name="addInvalidLocation" classname="EntityLocationDaoIT" time="0.066">
    <failure message="&#10;Expected: an instance of javax.persistence.RollbackException&#10;     but: &lt;java.lang.IllegalArgumentException: Unknown entity: dto.Location&gt; is a java.lang.IllegalArgumentException&#10;Stacktrace was: java.lang.IllegalArgumentException: Unknown entity: dto.Location&#10;	at org.hibernate.jpa.spi.AbstractEntityManagerImpl.persist(AbstractEntityManagerImpl.java:1149)&#10;	at dao.location.EntityLocationDao.persist(EntityLocationDao.java:35)&#10;	at EntityLocationDaoIT.addInvalidLocation(EntityLocationDaoIT.java:58)&#10;	at sun.reflect.NativeMethodAccessorImpl.invoke0(Native Method)&#10;	at sun.reflect.NativeMethodAccessorImpl.invoke(NativeMethodAccessorImpl.java:62)&#10;	at sun.reflect.DelegatingMethodAccessorImpl.invoke(DelegatingMethodAccessorImpl.java:43)&#10;	at java.lang.reflect.Method.invoke(Method.java:497)&#10;	at org.junit.runners.model.FrameworkMethod$1.runReflectiveCall(FrameworkMethod.java:50)&#10;	at org.junit.internal.runners.model.ReflectiveCallable.run(ReflectiveCallable.java:12)&#10;	at org.junit.runners.model.FrameworkMethod.invokeExplosively(FrameworkMethod.java:47)&#10;	at org.junit.internal.runners.statements.InvokeMethod.evaluate(InvokeMethod.java:17)&#10;	at org.junit.internal.runners.statements.RunBefores.evaluate(RunBefores.java:26)&#10;	at org.junit.internal.runners.statements.RunAfters.evaluate(RunAfters.java:27)&#10;	at org.junit.rules.ExpectedException$ExpectedExceptionStatement.evaluate(ExpectedException.java:239)&#10;	at org.junit.rules.RunRules.evaluate(RunRules.java:20)&#10;	at org.junit.runners.ParentRunner.runLeaf(ParentRunner.java:325)&#10;	at org.junit.runners.BlockJUnit4ClassRunner.runChild(BlockJUnit4ClassRunner.java:78)&#10;	at org.junit.runners.BlockJUnit4ClassRunner.runChild(BlockJUnit4ClassRunner.java:57)&#10;	at org.junit.runners.ParentRunner$3.run(ParentRunner.java:290)&#10;	at org.junit.runners.ParentRunner$1.schedule(ParentRunner.java:71)&#10;	at org.junit.runners.ParentRunner.runChildren(ParentRunner.java:288)&#10;	at org.junit.runners.ParentRunner.access$000(ParentRunner.java:58)&#10;	at org.junit.runners.ParentRunner$2.evaluate(ParentRunner.java:268)&#10;	at org.junit.runners.ParentRunner.run(ParentRunner.java:363)&#10;	at org.apache.maven.surefire.junit4.JUnit4Provider.execute(JUnit4Provider.java:283)&#10;	at org.apache.maven.surefire.junit4.JUnit4Provider.executeWithRerun(JUnit4Provider.java:173)&#10;	at org.apache.maven.surefire.junit4.JUnit4Provider.executeTestSet(JUnit4Provider.java:153)&#10;	at org.apache.maven.surefire.junit4.JUnit4Provider.invoke(JUnit4Provider.java:128)&#10;	at org.apache.maven.surefire.booter.ForkedBooter.invokeProviderInSameClassLoader(ForkedBooter.java:203)&#10;	at org.apache.maven.surefire.booter.ForkedBooter.runSuitesInProcess(ForkedBooter.java:155)&#10;	at org.apache.maven.surefire.booter.ForkedBooter.main(ForkedBooter.java:103)&#10;" type="java.lang.AssertionError"><![CDATA[java.lang.AssertionError: 
Expected: an instance of javax.persistence.RollbackException
     but: <java.lang.IllegalArgumentException: Unknown entity: dto.Location> is a java.lang.IllegalArgumentException
Stacktrace was: java.lang.IllegalArgumentException: Unknown entity: dto.Location
	at org.hibernate.jpa.spi.AbstractEntityManagerImpl.persist(AbstractEntityManagerImpl.java:1149)
	at dao.location.EntityLocationDao.persist(EntityLocationDao.java:35)
	at EntityLocationDaoIT.addInvalidLocation(EntityLocationDaoIT.java:58)
	at sun.reflect.NativeMethodAccessorImpl.invoke0(Native Method)
	at sun.reflect.NativeMethodAccessorImpl.invoke(NativeMethodAccessorImpl.java:62)
	at sun.reflect.DelegatingMethodAccessorImpl.invoke(DelegatingMethodAccessorImpl.java:43)
	at java.lang.reflect.Method.invoke(Method.java:497)
	at org.junit.runners.model.FrameworkMethod$1.runReflectiveCall(FrameworkMethod.java:50)
	at org.junit.internal.runners.model.ReflectiveCallable.run(ReflectiveCallable.java:12)
	at org.junit.runners.model.FrameworkMethod.invokeExplosively(FrameworkMethod.java:47)
	at org.junit.internal.runners.statements.InvokeMethod.evaluate(InvokeMethod.java:17)
	at org.junit.internal.runners.statements.RunBefores.evaluate(RunBefores.java:26)
	at org.junit.internal.runners.statements.RunAfters.evaluate(RunAfters.java:27)
	at org.junit.rules.ExpectedException$ExpectedExceptionStatement.evaluate(ExpectedException.java:239)
	at org.junit.rules.RunRules.evaluate(RunRules.java:20)
	at org.junit.runners.ParentRunner.runLeaf(ParentRunner.java:325)
	at org.junit.runners.BlockJUnit4ClassRunner.runChild(BlockJUnit4ClassRunner.java:78)
	at org.junit.runners.BlockJUnit4ClassRunner.runChild(BlockJUnit4ClassRunner.java:57)
	at org.junit.runners.ParentRunner$3.run(ParentRunner.java:290)
	at org.junit.runners.ParentRunner$1.schedule(ParentRunner.java:71)
	at org.junit.runners.ParentRunner.runChildren(ParentRunner.java:288)
	at org.junit.runners.ParentRunner.access$000(ParentRunner.java:58)
	at org.junit.runners.ParentRunner$2.evaluate(ParentRunner.java:268)
	at org.junit.runners.ParentRunner.run(ParentRunner.java:363)
	at org.apache.maven.surefire.junit4.JUnit4Provider.execute(JUnit4Provider.java:283)
	at org.apache.maven.surefire.junit4.JUnit4Provider.executeWithRerun(JUnit4Provider.java:173)
	at org.apache.maven.surefire.junit4.JUnit4Provider.executeTestSet(JUnit4Provider.java:153)
	at org.apache.maven.surefire.junit4.JUnit4Provider.invoke(JUnit4Provider.java:128)
	at org.apache.maven.surefire.booter.ForkedBooter.invokeProviderInSameClassLoader(ForkedBooter.java:203)
	at org.apache.maven.surefire.booter.ForkedBooter.runSuitesInProcess(ForkedBooter.java:155)
	at org.apache.maven.surefire.booter.ForkedBooter.main(ForkedBooter.java:103)

	at org.hamcrest.MatcherAssert.assertThat(MatcherAssert.java:20)
	at org.junit.Assert.assertThat(Assert.java:956)
	at org.junit.Assert.assertThat(Assert.java:923)
	at org.junit.rules.ExpectedException.handleException(ExpectedException.java:252)
	at org.junit.rules.ExpectedException.access$000(ExpectedException.java:106)
	at org.junit.rules.ExpectedException$ExpectedExceptionStatement.evaluate(ExpectedException.java:241)
	at org.junit.rules.RunRules.evaluate(RunRules.java:20)
	at org.junit.runners.ParentRunner.runLeaf(ParentRunner.java:325)
	at org.junit.runners.BlockJUnit4ClassRunner.runChild(BlockJUnit4ClassRunner.java:78)
	at org.junit.runners.BlockJUnit4ClassRunner.runChild(BlockJUnit4ClassRunner.java:57)
	at org.junit.runners.ParentRunner$3.run(ParentRunner.java:290)
	at org.junit.runners.ParentRunner$1.schedule(ParentRunner.java:71)
	at org.junit.runners.ParentRunner.runChildren(ParentRunner.java:288)
	at org.junit.runners.ParentRunner.access$000(ParentRunner.java:58)
	at org.junit.runners.ParentRunner$2.evaluate(ParentRunner.java:268)
	at org.junit.runners.ParentRunner.run(ParentRunner.java:363)
	at org.apache.maven.surefire.junit4.JUnit4Provider.execute(JUnit4Provider.java:283)
	at org.apache.maven.surefire.junit4.JUnit4Provider.executeWithRerun(JUnit4Provider.java:173)
	at org.apache.maven.surefire.junit4.JUnit4Provider.executeTestSet(JUnit4Provider.java:153)
	at org.apache.maven.surefire.junit4.JUnit4Provider.invoke(JUnit4Provider.java:128)
	at org.apache.maven.surefire.booter.ForkedBooter.invokeProviderInSameClassLoader(ForkedBooter.java:203)
	at org.apache.maven.surefire.booter.ForkedBooter.runSuitesInProcess(ForkedBooter.java:155)
	at org.apache.maven.surefire.booter.ForkedBooter.main(ForkedBooter.java:103)
]]></failure>
    <system-err><![CDATA[nov 26, 2015 12:40:35 AM org.hibernate.jpa.internal.util.LogHelper logPersistenceUnitInformation
INFO: HHH000204: Processing PersistenceUnitInfo [
	name: LMS
	...]
nov 26, 2015 12:40:35 AM org.hibernate.engine.jdbc.connections.internal.DriverManagerConnectionProviderImpl configure
WARN: HHH000402: Using Hibernate built-in connection pool (not for production use!)
nov 26, 2015 12:40:35 AM org.hibernate.engine.jdbc.connections.internal.DriverManagerConnectionProviderImpl buildCreator
INFO: HHH000401: using driver [org.h2.Driver] at URL [jdbc:h2:mem://localhost/~/LMS]
nov 26, 2015 12:40:35 AM org.hibernate.engine.jdbc.connections.internal.DriverManagerConnectionProviderImpl buildCreator
INFO: HHH000046: Connection properties: {user=sa, password=****}
nov 26, 2015 12:40:35 AM org.hibernate.engine.jdbc.connections.internal.DriverManagerConnectionProviderImpl buildCreator
INFO: HHH000006: Autocommit mode: false
nov 26, 2015 12:40:35 AM org.hibernate.engine.jdbc.connections.internal.DriverManagerConnectionProviderImpl configure
INFO: HHH000115: Hibernate connection pool size: 20 (min=1)
nov 26, 2015 12:40:35 AM org.hibernate.dialect.Dialect <init>
INFO: HHH000400: Using dialect: org.hibernate.dialect.H2Dialect
nov 26, 2015 12:40:35 AM org.hibernate.tool.hbm2ddl.SchemaExport execute
INFO: HHH000227: Running hbm2ddl schema export
nov 26, 2015 12:40:35 AM org.hibernate.tool.hbm2ddl.SchemaExport importScript
ERROR: HHH000388: Unsuccessful: insert into User(email, password, role) values('f@f.com', 'Passw0rd', 'STUDENT')
nov 26, 2015 12:40:35 AM org.hibernate.tool.hbm2ddl.SchemaExport importScript
ERROR: Table "USER" not found; SQL statement:
insert into User(email, password, role) values('f@f.com', 'Passw0rd', 'STUDENT') [42102-189]
nov 26, 2015 12:40:35 AM org.hibernate.tool.hbm2ddl.SchemaExport importScript
ERROR: HHH000388: Unsuccessful: insert into Location(id, room, building) values(1, '81', 'Galleriet')
nov 26, 2015 12:40:35 AM org.hibernate.tool.hbm2ddl.SchemaExport importScript
ERROR: Table "LOCATION" not found; SQL statement:
insert into Location(id, room, building) values(1, '81', 'Galleriet') [42102-189]
nov 26, 2015 12:40:35 AM org.hibernate.tool.hbm2ddl.SchemaExport execute
INFO: HHH000230: Schema export complete
nov 26, 2015 12:40:35 AM org.hibernate.tool.hbm2ddl.SchemaExport execute
INFO: HHH000227: Running hbm2ddl schema export
nov 26, 2015 12:40:35 AM org.hibernate.tool.hbm2ddl.SchemaExport execute
INFO: HHH000230: Schema export complete
nov 26, 2015 12:40:35 AM org.hibernate.engine.jdbc.connections.internal.DriverManagerConnectionProviderImpl stop
INFO: HHH000030: Cleaning up connection pool [jdbc:h2:mem://localhost/~/LMS]
]]></system-err>
  </testcase>
  <testcase name="addLocation" classname="EntityLocationDaoIT" time="0.031">
    <error message="Unknown entity: dto.Location" type="java.lang.IllegalArgumentException">java.lang.IllegalArgumentException: Unknown entity: dto.Location
	at org.hibernate.jpa.spi.AbstractEntityManagerImpl.persist(AbstractEntityManagerImpl.java:1149)
	at dao.location.EntityLocationDao.persist(EntityLocationDao.java:35)
	at EntityLocationDaoIT.addLocation(EntityLocationDaoIT.java:42)
</error>
    <system-err><![CDATA[nov 26, 2015 12:40:35 AM org.hibernate.jpa.internal.util.LogHelper logPersistenceUnitInformation
INFO: HHH000204: Processing PersistenceUnitInfo [
	name: LMS
	...]
nov 26, 2015 12:40:35 AM org.hibernate.engine.jdbc.connections.internal.DriverManagerConnectionProviderImpl configure
WARN: HHH000402: Using Hibernate built-in connection pool (not for production use!)
nov 26, 2015 12:40:35 AM org.hibernate.engine.jdbc.connections.internal.DriverManagerConnectionProviderImpl buildCreator
INFO: HHH000401: using driver [org.h2.Driver] at URL [jdbc:h2:mem://localhost/~/LMS]
nov 26, 2015 12:40:35 AM org.hibernate.engine.jdbc.connections.internal.DriverManagerConnectionProviderImpl buildCreator
INFO: HHH000046: Connection properties: {user=sa, password=****}
nov 26, 2015 12:40:35 AM org.hibernate.engine.jdbc.connections.internal.DriverManagerConnectionProviderImpl buildCreator
INFO: HHH000006: Autocommit mode: false
nov 26, 2015 12:40:35 AM org.hibernate.engine.jdbc.connections.internal.DriverManagerConnectionProviderImpl configure
INFO: HHH000115: Hibernate connection pool size: 20 (min=1)
nov 26, 2015 12:40:35 AM org.hibernate.dialect.Dialect <init>
INFO: HHH000400: Using dialect: org.hibernate.dialect.H2Dialect
nov 26, 2015 12:40:35 AM org.hibernate.tool.hbm2ddl.SchemaExport execute
INFO: HHH000227: Running hbm2ddl schema export
nov 26, 2015 12:40:35 AM org.hibernate.tool.hbm2ddl.SchemaExport importScript
ERROR: HHH000388: Unsuccessful: insert into User(email, password, role) values('f@f.com', 'Passw0rd', 'STUDENT')
nov 26, 2015 12:40:35 AM org.hibernate.tool.hbm2ddl.SchemaExport importScript
ERROR: Table "USER" not found; SQL statement:
insert into User(email, password, role) values('f@f.com', 'Passw0rd', 'STUDENT') [42102-189]
nov 26, 2015 12:40:35 AM org.hibernate.tool.hbm2ddl.SchemaExport importScript
ERROR: HHH000388: Unsuccessful: insert into Location(id, room, building) values(1, '81', 'Galleriet')
nov 26, 2015 12:40:35 AM org.hibernate.tool.hbm2ddl.SchemaExport importScript
ERROR: Table "LOCATION" not found; SQL statement:
insert into Location(id, room, building) values(1, '81', 'Galleriet') [42102-189]
nov 26, 2015 12:40:35 AM org.hibernate.tool.hbm2ddl.SchemaExport execute
INFO: HHH000230: Schema export complete
nov 26, 2015 12:40:35 AM org.hibernate.tool.hbm2ddl.SchemaExport execute
INFO: HHH000227: Running hbm2ddl schema export
nov 26, 2015 12:40:35 AM org.hibernate.tool.hbm2ddl.SchemaExport execute
INFO: HHH000230: Schema export complete
nov 26, 2015 12:40:35 AM org.hibernate.engine.jdbc.connections.internal.DriverManagerConnectionProviderImpl stop
INFO: HHH000030: Cleaning up connection pool [jdbc:h2:mem://localhost/~/LMS]
]]></system-err>
  </testcase>
</testsuite>